Arguments: 
  C:\Program Files\nodejs\node.exe C:\Program Files (x86)\Yarn\bin\yarn.js add @types/jesty

PATH: 
  C:\windows\system32;C:\windows;C:\windows\System32\Wbem;C:\windows\System32\WindowsPowerShell\v1.0\;C:\windows\System32\OpenSSH\;C:\Program Files\nodejs\;C:\Program Files\Git\cmd;C:\Program Files (x86)\Yarn\bin\;C:\Program Files\TortoiseSVN\bin;C:\Users\hxy\AppData\Local\Programs\Python\Python310\Scripts\;C:\Users\hxy\AppData\Local\Programs\Python\Python310\;C:\Users\hxy\AppData\Local\Microsoft\WindowsApps;C:\Program Files\Bandizip\;C:\Users\hxy\AppData\Roaming\npm;C:\app\Microsoft VS Code\bin;C:\app\phpstudy_pro\Extensions\php\php7.3.4nts;C:\Users\hxy\AppData\Local\Yarn\bin;

Yarn version: 
  1.22.5

Node version: 
  14.16.0

Platform: 
  win32 x64

Trace: 
  Error: https://registry.npmmirror.com/@types%2fjesty: [NOT_FOUND] @types/jesty not found
      at Request.params.callback [as _callback] (C:\Program Files (x86)\Yarn\lib\cli.js:66097:18)
      at Request.self.callback (C:\Program Files (x86)\Yarn\lib\cli.js:140749:22)
      at Request.emit (events.js:315:20)
      at Request.<anonymous> (C:\Program Files (x86)\Yarn\lib\cli.js:141721:10)
      at Request.emit (events.js:315:20)
      at Gunzip.<anonymous> (C:\Program Files (x86)\Yarn\lib\cli.js:141643:12)
      at Object.onceWrapper (events.js:421:28)
      at Gunzip.emit (events.js:315:20)
      at endReadableNT (internal/streams/readable.js:1327:12)
      at processTicksAndRejections (internal/process/task_queues.js:80:21)

npm manifest: 
  {
    "name": "demos",
    "version": "0.1.0",
    "private": true,
    "scripts": {
      "serve": "vue-cli-service serve",
      "build": "vue-cli-service build",
      "test:unit": "vue-cli-service test:unit",
      "lint": "vue-cli-service lint"
    },
    "dependencies": {
      "@types/jest": "^28.1.3",
      "core-js": "^3.6.5",
      "vue": "^2.6.11",
      "vue-router": "^3.2.0",
      "vuex": "^3.4.0"
    },
    "devDependencies": {
      "@vue/cli-plugin-babel": "~4.5.12",
      "@vue/cli-plugin-eslint": "~4.5.12",
      "@vue/cli-plugin-router": "~4.5.12",
      "@vue/cli-plugin-unit-jest": "~4.5.12",
      "@vue/cli-plugin-vuex": "~4.5.12",
      "@vue/cli-service": "~4.5.12",
      "@vue/eslint-config-prettier": "^6.0.0",
      "@vue/test-utils": "^1.0.3",
      "babel-eslint": "^10.1.0",
      "eslint": "^6.7.2",
      "eslint-plugin-prettier": "^3.3.1",
      "eslint-plugin-vue": "^6.2.2",
      "less": "^3.0.4",
      "less-loader": "^5.0.0",
      "prettier": "^2.2.1",
      "vue-template-compiler": "^2.6.11"
    }
  }

yarn manifest: 
  No manifest

Lockfile: 
  No lockfile
